<?xml version="1.0" encoding="UTF-8"?>
<!-- Generated by org.testng.reporters.JUnitXMLReporter -->
<testsuite ignored="0" hostname="DESKTOP-NSJBH3G" failures="1" tests="1" name="Test" time="14.89" errors="0" timestamp="2023-02-22T18:25:11 IST">
  <testcase classname="com.TestVagarant.All.TC001" name="merchantlogin" time="7.612">
    <failure type="java.lang.AssertionError" message="The following asserts failed:
	expected [December 17, 2021 (United States)] but found [17 December 2021]">
      <![CDATA[java.lang.AssertionError: The following asserts failed:
expected [December 17, 2021 (United States)] but found [17 December 2021]
at com.TestVagarant.All.TC001.merchantlogin(TC001.java:57)
at java.base/java.util.ArrayList.forEach(ArrayList.java:1511)
... Removed 29 stack frames]]>
    </failure>
  </testcase> <!-- merchantlogin -->
</testsuite> <!-- Test -->
