<?xml version="1.0" encoding="UTF-8"?>
<testng-results ignored="0" total="1" passed="0" failed="1" skipped="0">
  <reporter-output>
  </reporter-output>
  <suite started-at="2023-02-22T18:31:04 IST" name="Default suite" finished-at="2023-02-22T18:31:26 IST" duration-ms="21730">
    <groups>
    </groups>
    <test started-at="2023-02-22T18:31:04 IST" name="Default test" finished-at="2023-02-22T18:31:26 IST" duration-ms="21730">
      <class name="com.TestVagarant.All.TC001">
        <test-method is-config="true" signature="initiateReport()[pri:0, instance:com.TestVagarant.All.TC001@793f29ff]" started-at="2023-02-22T18:31:03 IST" name="initiateReport" finished-at="2023-02-22T18:31:04 IST" duration-ms="989" status="PASS">
          <reporter-output>
          </reporter-output>
        </test-method> <!-- initiateReport -->
        <test-method is-config="true" signature="before()[pri:0, instance:com.TestVagarant.All.TC001@793f29ff]" started-at="2023-02-22T18:31:04 IST" name="before" finished-at="2023-02-22T18:31:13 IST" duration-ms="9123" status="PASS">
          <reporter-output>
          </reporter-output>
        </test-method> <!-- before -->
        <test-method is-config="true" signature="getClassNameForExtentReport()[pri:0, instance:com.TestVagarant.All.TC001@793f29ff]" started-at="2023-02-22T18:31:13 IST" name="getClassNameForExtentReport" finished-at="2023-02-22T18:31:13 IST" duration-ms="13" status="PASS">
          <reporter-output>
          </reporter-output>
        </test-method> <!-- getClassNameForExtentReport -->
        <test-method is-config="true" signature="beforeMethod(java.lang.reflect.Method)[pri:0, instance:com.TestVagarant.All.TC001@793f29ff]" started-at="2023-02-22T18:31:14 IST" name="beforeMethod" finished-at="2023-02-22T18:31:14 IST" duration-ms="3" status="PASS">
          <params>
            <param index="0">
              <value>
                <![CDATA[public void com.TestVagarant.All.TC001.merchantlogin() throws java.lang.Throwable]]>
              </value>
            </param>
          </params>
          <reporter-output>
          </reporter-output>
        </test-method> <!-- beforeMethod -->
        <test-method signature="merchantlogin()[pri:0, instance:com.TestVagarant.All.TC001@793f29ff]" started-at="2023-02-22T18:31:14 IST" name="merchantlogin" finished-at="2023-02-22T18:31:25 IST" duration-ms="11659" status="FAIL">
          <exception class="java.lang.AssertionError">
            <message>
              <![CDATA[The following asserts failed:
expected [December 17, 2021 (United States)] but found [17 December 2021]]]>
            </message>
            <full-stacktrace>
              <![CDATA[java.lang.AssertionError: The following asserts failed:
expected [December 17, 2021 (United States)] but found [17 December 2021]
at org.testng.asserts.SoftAssert.assertAll(SoftAssert.java:47)
at org.testng.asserts.SoftAssert.assertAll(SoftAssert.java:31)
at com.TestVagarant.All.TC001.merchantlogin(TC001.java:57)
at java.base/jdk.internal.reflect.NativeMethodAccessorImpl.invoke0(Native Method)
at java.base/jdk.internal.reflect.NativeMethodAccessorImpl.invoke(NativeMethodAccessorImpl.java:77)
at java.base/jdk.internal.reflect.DelegatingMethodAccessorImpl.invoke(DelegatingMethodAccessorImpl.java:43)
at java.base/java.lang.reflect.Method.invoke(Method.java:568)
at org.testng.internal.MethodInvocationHelper.invokeMethod(MethodInvocationHelper.java:133)
at org.testng.internal.TestInvoker.invokeMethod(TestInvoker.java:598)
at org.testng.internal.TestInvoker.invokeTestMethod(TestInvoker.java:173)
at org.testng.internal.MethodRunner.runInSequence(MethodRunner.java:46)
at org.testng.internal.TestInvoker$MethodInvocationAgent.invoke(TestInvoker.java:824)
at org.testng.internal.TestInvoker.invokeTestMethods(TestInvoker.java:146)
at org.testng.internal.TestMethodWorker.invokeTestMethods(TestMethodWorker.java:146)
at org.testng.internal.TestMethodWorker.run(TestMethodWorker.java:128)
at java.base/java.util.ArrayList.forEach(ArrayList.java:1511)
at org.testng.TestRunner.privateRun(TestRunner.java:794)
at org.testng.TestRunner.run(TestRunner.java:596)
at org.testng.SuiteRunner.runTest(SuiteRunner.java:377)
at org.testng.SuiteRunner.runSequentially(SuiteRunner.java:371)
at org.testng.SuiteRunner.privateRun(SuiteRunner.java:332)
at org.testng.SuiteRunner.run(SuiteRunner.java:276)
at org.testng.SuiteRunnerWorker.runSuite(SuiteRunnerWorker.java:53)
at org.testng.SuiteRunnerWorker.run(SuiteRunnerWorker.java:96)
at org.testng.TestNG.runSuitesSequentially(TestNG.java:1212)
at org.testng.TestNG.runSuitesLocally(TestNG.java:1134)
at org.testng.TestNG.runSuites(TestNG.java:1063)
at org.testng.TestNG.run(TestNG.java:1031)
at org.testng.remote.AbstractRemoteTestNG.run(AbstractRemoteTestNG.java:115)
at org.testng.remote.RemoteTestNG.initAndRun(RemoteTestNG.java:251)
at org.testng.remote.RemoteTestNG.main(RemoteTestNG.java:77)
]]>
            </full-stacktrace>
          </exception> <!-- java.lang.AssertionError -->
          <reporter-output>
          </reporter-output>
        </test-method> <!-- merchantlogin -->
        <test-method is-config="true" signature="getResult(org.testng.ITestResult)[pri:0, instance:com.TestVagarant.All.TC001@793f29ff]" started-at="2023-02-22T18:31:25 IST" name="getResult" finished-at="2023-02-22T18:31:26 IST" duration-ms="477" status="PASS">
          <params>
            <param index="0">
              <value>
                <![CDATA[[TestResult name=merchantlogin status=FAILURE method=TC001.merchantlogin()[pri:0, instance:com.TestVagarant.All.TC001@793f29ff] output={null}]]]>
              </value>
            </param>
          </params>
          <reporter-output>
          </reporter-output>
        </test-method> <!-- getResult -->
        <test-method is-config="true" signature="after()[pri:0, instance:com.TestVagarant.All.TC001@793f29ff]" started-at="2023-02-22T18:31:26 IST" name="after" finished-at="2023-02-22T18:31:26 IST" duration-ms="402" status="PASS">
          <reporter-output>
          </reporter-output>
        </test-method> <!-- after -->
        <test-method is-config="true" signature="CloseReport()[pri:0, instance:com.TestVagarant.All.TC001@793f29ff]" started-at="2023-02-22T18:31:26 IST" name="CloseReport" finished-at="2023-02-22T18:31:26 IST" duration-ms="190" status="PASS">
          <reporter-output>
          </reporter-output>
        </test-method> <!-- CloseReport -->
      </class> <!-- com.TestVagarant.All.TC001 -->
    </test> <!-- Default test -->
  </suite> <!-- Default suite -->
</testng-results>
